<?xml version="1.0" encoding="UTF-8"?>
<!-- Generated by org.testng.reporters.JUnitXMLReporter -->
<testsuite ignored="6" hostname="MayankHP" failures="0" tests="1" name="Test2" time="0.007" errors="0" timestamp="2022-05-07T20:13:27 EDT">
  <testcase classname="demo2.GroupTestExample" name="testGrpTest2" time="0.001"/>
  <testcase classname="demo2.TestNGSampleD2Class2" name="testC2M1" time="0.0">
    <ignored/>
  </testcase> <!-- testC2M1 -->
  <testcase classname="demo2.GroupTestExample" name="testGrpTest3" time="0.0">
    <ignored/>
  </testcase> <!-- testGrpTest3 -->
  <testcase classname="demo2.TestNGSampleD2Class2" name="testC2M2" time="0.0">
    <ignored/>
  </testcase> <!-- testC2M2 -->
  <testcase classname="demo2.TestNGSampleD2Class1" name="testC1M2" time="0.0">
    <ignored/>
  </testcase> <!-- testC1M2 -->
  <testcase classname="demo2.GroupTestExample" name="testGrpTest1" time="0.0">
    <ignored/>
  </testcase> <!-- testGrpTest1 -->
  <testcase classname="demo2.TestNGSampleD2Class1" name="testC1M1" time="0.0">
    <ignored/>
  </testcase> <!-- testC1M1 -->
</testsuite> <!-- Test2 -->
